2025-01-17 16:28:14,972 - INFO - HTTP Request: POST https://api.fireworks.ai/inference/v1/chat/completions "HTTP/1.1 404 Not Found"
2025-01-17 16:29:38,736 - INFO - HTTP Request: POST https://api.fireworks.ai/inference/v1/chat/completions "HTTP/1.1 400 Bad Request"
2025-01-17 16:33:31,294 - INFO - HTTP Request: POST https://api.fireworks.ai/inference/v1/chat/completions "HTTP/1.1 200 OK"
2025-01-18 09:34:52,266 - INFO - HTTP Request: POST https://api.fireworks.ai/inference/v1/chat/completions "HTTP/1.1 412 Precondition Failed"
2025-01-18 09:47:49,388 - INFO - HTTP Request: POST https://api.fireworks.ai/inference/v1/chat/completions "HTTP/1.1 412 Precondition Failed"
2025-01-18 09:48:11,025 - INFO - HTTP Request: POST https://api.fireworks.ai/inference/v1/chat/completions "HTTP/1.1 412 Precondition Failed"
2025-01-18 09:51:54,127 - INFO - HTTP Request: POST https://api.fireworks.ai/inference/v1/chat/completions "HTTP/1.1 200 OK"
2025-01-18 09:52:04,430 - INFO - HTTP Request: POST https://api.fireworks.ai/inference/v1/chat/completions "HTTP/1.1 200 OK"
2025-01-18 10:20:42,380 - INFO - HTTP Request: POST https://api.fireworks.ai/inference/v1/chat/completions "HTTP/1.1 400 Bad Request"
2025-01-18 10:21:31,190 - INFO - HTTP Request: POST https://api.fireworks.ai/inference/v1/chat/completions "HTTP/1.1 400 Bad Request"
2025-01-18 10:25:07,958 - INFO - HTTP Request: POST https://api.fireworks.ai/inference/v1/chat/completions "HTTP/1.1 400 Bad Request"
2025-01-18 15:50:19,440 - INFO - HTTP Request: POST https://api.fireworks.ai/inference/v1/chat/completions "HTTP/1.1 400 Bad Request"
2025-01-18 15:50:50,265 - INFO - HTTP Request: POST https://api.fireworks.ai/inference/v1/chat/completions "HTTP/1.1 200 OK"
2025-01-19 22:56:44,873 - INFO - HTTP Request: POST https://api.fireworks.ai/inference/v1/chat/completions "HTTP/1.1 200 OK"
2025-01-19 23:17:05,196 - INFO - HTTP Request: POST https://api.fireworks.ai/inference/v1/chat/completions "HTTP/1.1 200 OK"
2025-01-19 23:18:44,537 - INFO - HTTP Request: POST https://api.fireworks.ai/inference/v1/chat/completions "HTTP/1.1 200 OK"
2025-01-19 23:19:50,381 - INFO - HTTP Request: POST https://api.fireworks.ai/inference/v1/chat/completions "HTTP/1.1 200 OK"
2025-01-19 23:20:12,235 - INFO - HTTP Request: POST https://api.fireworks.ai/inference/v1/chat/completions "HTTP/1.1 200 OK"
2025-01-19 23:23:29,829 - INFO - HTTP Request: POST https://api.fireworks.ai/inference/v1/chat/completions "HTTP/1.1 200 OK"
2025-01-19 23:23:52,359 - INFO - HTTP Request: POST https://api.fireworks.ai/inference/v1/chat/completions "HTTP/1.1 200 OK"
2025-01-19 23:24:10,689 - INFO - HTTP Request: POST https://api.fireworks.ai/inference/v1/chat/completions "HTTP/1.1 200 OK"
2025-01-19 23:24:30,760 - INFO - HTTP Request: POST https://api.fireworks.ai/inference/v1/chat/completions "HTTP/1.1 200 OK"
2025-01-19 23:26:30,060 - INFO - HTTP Request: POST https://api.fireworks.ai/inference/v1/chat/completions "HTTP/1.1 503 Service Unavailable"
2025-01-19 23:26:53,305 - INFO - HTTP Request: POST https://api.fireworks.ai/inference/v1/chat/completions "HTTP/1.1 503 Service Unavailable"
2025-01-19 23:27:23,616 - INFO - HTTP Request: POST https://api.fireworks.ai/inference/v1/chat/completions "HTTP/1.1 503 Service Unavailable"
2025-01-19 23:28:13,251 - INFO - HTTP Request: POST https://api.fireworks.ai/inference/v1/chat/completions "HTTP/1.1 503 Service Unavailable"
2025-01-19 23:29:26,806 - INFO - HTTP Request: POST https://api.fireworks.ai/inference/v1/chat/completions "HTTP/1.1 503 Service Unavailable"
